Microsoft HTML Help Compiler 4.74.8702

Compiling e:\Develop\Projects\Leko\trunk\doc\Leko-1.0.chm

apple-touch-icon.png
bk01.gif
btn.png
favicon.ico
firebug-lite.js
jquery.boxshadow.js
jQuery.easing.html
jQuery.easing.inback.html
jQuery.easing.inbounce.html
jQuery.easing.incirc.html
jQuery.easing.incubic.html
jQuery.easing.inelastic.html
jQuery.easing.inexpo.html
jQuery.easing.inoutback.html
jQuery.easing.inoutbounce.html
jQuery.easing.inoutcirc.html
jQuery.easing.inoutcubic.html
jQuery.easing.inoutelastic.html
jQuery.easing.inoutexpo.html
jQuery.easing.inoutquad.html
jQuery.easing.inoutquart.html
jQuery.easing.inoutquint.html
jQuery.easing.inoutsine.html
jQuery.easing.inquad.html
jQuery.easing.inquart.html
jQuery.easing.inquint.html
jQuery.easing.insine.html
jQuery.easing.outback.html
jQuery.easing.outbounce.html
jQuery.easing.outcirc.html
jQuery.easing.outcubic.html
jQuery.easing.outelastic.html
jQuery.easing.outexpo.html
jQuery.easing.outquad.html
jQuery.easing.outquart.html
jQuery.easing.outquint.html
jQuery.easing.outsine.html
jQuery.fn.colorShade.0.html
jQuery.fn.colorShade.html
jQuery.fn.conf.html
jQuery.fn.html
jQuery.fn.shadow.0.html
jQuery.fn.shadow.html
jQuery.html
jQuery.isBoolean.html
jQuery.isDate.html
jQuery.isNumber.html
jQuery.isObject.html
jQuery.isString.html
jquery.js
jQuery.support.html
jQuery.support.rgba.html
jQuery.support.shadow.html
jquery.textshadow.js
Leko.average.html
leko.color.js
leko.css
leko.demo.css
Leko.easing.0.html
leko.easing.js
Leko.fit.html
Leko.fn.html
Leko.html
Leko.html5Tag.html
leko.js
Leko.mozilla.html
Leko.msie.html
Leko.noConflict.html
Leko.opera.html
leko.popup.js
Leko.pseudoClass.0.html
Leko.pseudoClass.html
Leko.rgba.0.html
Leko.rgba.html
Leko.unique.html
Leko.ver.html
Leko.webkit.html
HHC5003: Error: Compilation failed while compiling index.html.
Leko-1.0.hhc
HHC5003: Error: Compilation failed while compiling http:\www.lekolite.cn\.


The following files were not compiled:
index.html
http:\www.lekolite.cn\
