Microsoft HTML Help Compiler 4.74.8702

Compiling e:\Develop\Projects\Leko\trunk\doc\Leko.for.jQuery-1.0.chm

apple-touch-icon.png
bk01.gif
btn.png
favicon.ico
firebug-lite.js
index.html
jQuery.easing.html
jQuery.easing.inback.html
jQuery.easing.inbounce.html
jQuery.easing.incirc.html
jQuery.easing.incubic.html
jQuery.easing.inelastic.html
jQuery.easing.inexpo.html
jQuery.easing.inoutback.html
jQuery.easing.inoutbounce.html
jQuery.easing.inoutcirc.html
jQuery.easing.inoutcubic.html
jQuery.easing.inoutelastic.html
jQuery.easing.inoutexpo.html
jQuery.easing.inoutquad.html
jQuery.easing.inoutquart.html
jQuery.easing.inoutquint.html
jQuery.easing.inoutsine.html
jQuery.easing.inquad.html
jQuery.easing.inquart.html
jQuery.easing.inquint.html
jQuery.easing.insine.html
jQuery.easing.outback.html
jQuery.easing.outbounce.html
jQuery.easing.outcirc.html
jQuery.easing.outcubic.html
jQuery.easing.outelastic.html
jQuery.easing.outexpo.html
jQuery.easing.outquad.html
jQuery.easing.outquart.html
jQuery.easing.outquint.html
jQuery.easing.outsine.html
jQuery.fn.backgroundColorTo.html
jQuery.fn.borderBottomColorTo.html
jQuery.fn.borderColorTo.html
jQuery.fn.borderLeftColorTo.html
jQuery.fn.borderRightColorTo.html
jQuery.fn.borderTopColorTo.html
jQuery.fn.colorShade.0.html
jQuery.fn.colorShade.html
jQuery.fn.colorTo.0.html
jQuery.fn.colorTo.1.html
jQuery.fn.colorTo.html
jQuery.fn.html
jQuery.fn.layout.0.html
jQuery.fn.layout.html
jQuery.fn.leko.html
jQuery.fn.moveBy.0.html
jQuery.fn.moveBy.html
jQuery.fn.moveTo.0.html
jQuery.fn.moveTo.html
jQuery.fn.outlineColorTo.html
jQuery.fn.popup.html
jQuery.fn.resizeBy.0.html
jQuery.fn.resizeBy.html
jQuery.fn.resizeTo.0.html
jQuery.fn.resizeTo.html
jQuery.fn.shadow.0.html
jQuery.fn.shadow.html
jQuery.fn.transparent.html
jQuery.fn.visible.html
jQuery.html
jQuery.isBoolean.html
jQuery.isDate.html
jQuery.isNumber.html
jQuery.isObject.html
jQuery.isString.html
jquery.js
jQuery.leko.html
jQuery.support.html
jQuery.support.rgba.html
jQuery.support.shadow.html
Leko.average.html
Leko.color.html
leko.color.js
leko.css
leko.demo.css
Leko.easing.0.html
leko.effect.js
Leko.fit.html
Leko.fn.html
Leko.html
Leko.html5Tag.html
leko.js
Leko.mozilla.html
Leko.msie.html
Leko.noConflict.html
Leko.opera.html
leko.popup.js
Leko.pseudoClass.0.html
Leko.pseudoClass.html
Leko.rgba.0.html
Leko.rgba.html
Leko.unique.html
Leko.ver.html
Leko.webkit.html
Leko.for.jQuery-1.0.hhc

Compile time: 0 minutes, 2 seconds
90	Topics
274	Local links
89	Internet links
0	Graphics


Created e:\Develop\Projects\Leko\trunk\doc\Leko.for.jQuery-1.0.chm, 288,463 bytes
Compression decreased file by 648,283 bytes.
